<?xml version="1.0" encoding="UTF-8"?>
<testng-results ignored="0" total="3" passed="3" failed="0" skipped="0">
  <reporter-output>
  </reporter-output>
  <suite started-at="2024-01-04T13:09:54 IST" name="demo_test_suite" finished-at="2024-01-04T13:09:54 IST" duration-ms="78">
    <groups>
    </groups>
    <test started-at="2024-01-04T13:09:54 IST" name="demo_test" finished-at="2024-01-04T13:09:54 IST" duration-ms="78">
      <class name="org.testng.demo.ExampleTest">
        <test-method signature="firstTest()[pri:0, instance:org.testng.demo.ExampleTest@71e9ddb4]" started-at="2024-01-04T13:09:54 IST" name="firstTest" finished-at="2024-01-04T13:09:54 IST" duration-ms="6" status="PASS">
          <reporter-output>
          </reporter-output>
        </test-method> <!-- firstTest -->
        <test-method signature="secondTest(int)[pri:0, instance:org.testng.demo.ExampleTest@71e9ddb4]" started-at="2024-01-04T13:09:54 IST" name="secondTest" data-provider="dp" finished-at="2024-01-04T13:09:54 IST" duration-ms="0" status="PASS">
          <params>
            <param index="0">
              <value>
                <![CDATA[1]]>
              </value>
            </param>
          </params>
          <reporter-output>
          </reporter-output>
        </test-method> <!-- secondTest -->
        <test-method signature="secondTest(int)[pri:0, instance:org.testng.demo.ExampleTest@71e9ddb4]" started-at="2024-01-04T13:09:54 IST" name="secondTest" data-provider="dp" finished-at="2024-01-04T13:09:54 IST" duration-ms="0" status="PASS">
          <params>
            <param index="0">
              <value>
                <![CDATA[2]]>
              </value>
            </param>
          </params>
          <reporter-output>
          </reporter-output>
        </test-method> <!-- secondTest -->
      </class> <!-- org.testng.demo.ExampleTest -->
    </test> <!-- demo_test -->
  </suite> <!-- demo_test_suite -->
</testng-results>
